2026-05-17 20:24:06 INFO  [main] TestListener - ========================================
2026-05-17 20:24:06 INFO  [main] TestListener - Test Suite started: Login Tests
2026-05-17 20:24:06 INFO  [main] TestListener - ========================================
2026-05-17 20:24:06 INFO  [main] ConfigReader - Config file loaded successfully!
2026-05-17 20:24:06 INFO  [main] TestDataReader - Test data loaded: loginData.json
2026-05-17 20:24:06 INFO  [main] TestDataReader - Invalid users loaded: 3 rows
2026-05-17 20:24:06 INFO  [main] TestListener - ------ Test started: testInvalidLogin ------
2026-05-17 20:24:06 INFO  [main] ExtentReportManager - Extent Report created: reports/PlaywrightReport_2026-05-17_20-24-06.html
2026-05-17 20:24:06 INFO  [main] ExtentReportManager - Test started in report: testInvalidLogin
2026-05-17 20:24:06 INFO  [main] ExtentReportManager - Test started: testInvalidLogin
2026-05-17 20:24:06 INFO  [main] ExtentReportManager - Testing invalid login: 'wrong_user'
2026-05-17 20:24:06 INFO  [main] PlaywrightManager - Creating Playwright session...
2026-05-17 20:24:37 INFO  [main] PlaywrightFactory - Opening browser: chromium | Headless: false | SlowMo: 0
2026-05-17 20:24:37 INFO  [main] PlaywrightFactory - Chromium browser launched!
2026-05-17 20:24:38 INFO  [main] PlaywrightManager - Playwright session started successfully!
2026-05-17 20:24:38 INFO  [main] BasePage - Entering username: wrong_user
2026-05-17 20:24:38 INFO  [main] BasePage - Type 'wrong_user' into: #user-name
2026-05-17 20:25:08 ERROR [main] TestListener - FAILED: testInvalidLogin | Error: Error {
  message='Timeout 30000ms exceeded.
  name='TimeoutError
  stack='TimeoutError: Timeout 30000ms exceeded.
    at ProgressController.run (/tmp/playwright-java-639130275434025944/package/lib/server/progress.js:92:28)
    at FrameDispatcher._runCommand (/tmp/playwright-java-639130275434025944/package/lib/server/dispatchers/dispatcher.js:91:31)
    at DispatcherConnection.dispatch (/tmp/playwright-java-639130275434025944/package/lib/server/dispatchers/dispatcher.js:325:39)
}
Call log:
-   - waiting for locator("#user-name")

2026-05-17 20:25:08 ERROR [main] ExtentReportManager - FAIL: Test FAILED: testInvalidLogin
2026-05-17 20:25:08 ERROR [main] ExtentReportManager - FAIL: Error: Error {
  message='Timeout 30000ms exceeded.
  name='TimeoutError
  stack='TimeoutError: Timeout 30000ms exceeded.
    at ProgressController.run (/tmp/playwright-java-639130275434025944/package/lib/server/progress.js:92:28)
    at FrameDispatcher._runCommand (/tmp/playwright-java-639130275434025944/package/lib/server/dispatchers/dispatcher.js:91:31)
    at DispatcherConnection.dispatch (/tmp/playwright-java-639130275434025944/package/lib/server/dispatchers/dispatcher.js:325:39)
}
Call log:
-   - waiting for locator("#user-name")

2026-05-17 20:25:08 INFO  [main] TestListener - Screenshot attached to report
2026-05-17 20:25:08 INFO  [main] TestListener - ------ Test started: testInvalidLogin ------
2026-05-17 20:25:08 INFO  [main] ExtentReportManager - Test started in report: testInvalidLogin
2026-05-17 20:25:08 INFO  [main] ExtentReportManager - Test started: testInvalidLogin
2026-05-17 20:25:08 INFO  [main] ExtentReportManager - Testing invalid login: ''
2026-05-17 20:25:08 INFO  [main] BasePage - Entering username: 
2026-05-17 20:25:08 INFO  [main] BasePage - Entering password
2026-05-17 20:25:08 INFO  [main] BasePage - Clicking login button
2026-05-17 20:25:08 INFO  [main] BasePage - Click: #login-button
2026-05-17 20:25:38 ERROR [main] TestListener - FAILED: testInvalidLogin | Error: Error {
  message='Timeout 30000ms exceeded.
  name='TimeoutError
  stack='TimeoutError: Timeout 30000ms exceeded.
    at ProgressController.run (/tmp/playwright-java-639130275434025944/package/lib/server/progress.js:92:28)
    at FrameDispatcher._runCommand (/tmp/playwright-java-639130275434025944/package/lib/server/dispatchers/dispatcher.js:91:31)
    at DispatcherConnection.dispatch (/tmp/playwright-java-639130275434025944/package/lib/server/dispatchers/dispatcher.js:325:39)
}
Call log:
-   - waiting for locator("#login-button")

2026-05-17 20:25:38 ERROR [main] ExtentReportManager - FAIL: Test FAILED: testInvalidLogin
2026-05-17 20:25:38 ERROR [main] ExtentReportManager - FAIL: Error: Error {
  message='Timeout 30000ms exceeded.
  name='TimeoutError
  stack='TimeoutError: Timeout 30000ms exceeded.
    at ProgressController.run (/tmp/playwright-java-639130275434025944/package/lib/server/progress.js:92:28)
    at FrameDispatcher._runCommand (/tmp/playwright-java-639130275434025944/package/lib/server/dispatchers/dispatcher.js:91:31)
    at DispatcherConnection.dispatch (/tmp/playwright-java-639130275434025944/package/lib/server/dispatchers/dispatcher.js:325:39)
}
Call log:
-   - waiting for locator("#login-button")

2026-05-17 20:25:38 INFO  [main] TestListener - Screenshot attached to report
2026-05-17 20:25:38 INFO  [main] TestListener - ------ Test started: testInvalidLogin ------
2026-05-17 20:25:38 INFO  [main] ExtentReportManager - Test started in report: testInvalidLogin
2026-05-17 20:25:38 INFO  [main] ExtentReportManager - Test started: testInvalidLogin
2026-05-17 20:25:38 INFO  [main] ExtentReportManager - Testing invalid login: 'standard_user'
2026-05-17 20:25:38 INFO  [main] BasePage - Entering username: standard_user
2026-05-17 20:25:38 INFO  [main] BasePage - Type 'standard_user' into: #user-name
2026-05-17 20:26:33 INFO  [main] TestListener - ========================================
2026-05-17 20:26:33 INFO  [main] TestListener - Test Suite started: Login Tests
2026-05-17 20:26:33 INFO  [main] TestListener - ========================================
2026-05-17 20:26:33 INFO  [main] ConfigReader - Config file loaded successfully!
2026-05-17 20:26:33 INFO  [main] TestDataReader - Test data loaded: loginData.json
2026-05-17 20:26:33 INFO  [main] TestDataReader - Invalid users loaded: 3 rows
2026-05-17 20:26:33 INFO  [main] TestListener - ------ Test started: testInvalidLogin ------
2026-05-17 20:26:33 INFO  [main] ExtentReportManager - Extent Report created: reports/PlaywrightReport_2026-05-17_20-26-33.html
2026-05-17 20:26:33 INFO  [main] ExtentReportManager - Test started in report: testInvalidLogin
2026-05-17 20:26:33 INFO  [main] ExtentReportManager - Test started: testInvalidLogin
2026-05-17 20:26:33 INFO  [main] ExtentReportManager - Testing invalid login: 'wrong_user'
2026-05-17 20:26:33 INFO  [main] PlaywrightManager - Creating Playwright session...
2026-05-17 20:26:34 INFO  [main] PlaywrightFactory - Opening browser: chromium | Headless: false | SlowMo: 0
2026-05-17 20:26:34 INFO  [main] PlaywrightFactory - Chromium browser launched!
2026-05-17 20:26:35 INFO  [main] PlaywrightManager - Playwright session started successfully!
2026-05-17 20:26:35 INFO  [main] BasePage - Entering username: wrong_user
2026-05-17 20:26:35 INFO  [main] BasePage - Type 'wrong_user' into: #user-name
2026-05-17 20:27:05 ERROR [main] TestListener - FAILED: testInvalidLogin | Error: Error {
  message='Timeout 30000ms exceeded.
  name='TimeoutError
  stack='TimeoutError: Timeout 30000ms exceeded.
    at ProgressController.run (/tmp/playwright-java-18248294946507760857/package/lib/server/progress.js:92:28)
    at FrameDispatcher._runCommand (/tmp/playwright-java-18248294946507760857/package/lib/server/dispatchers/dispatcher.js:91:31)
    at DispatcherConnection.dispatch (/tmp/playwright-java-18248294946507760857/package/lib/server/dispatchers/dispatcher.js:325:39)
}
Call log:
-   - waiting for locator("#user-name")

2026-05-17 20:27:05 ERROR [main] ExtentReportManager - FAIL: Test FAILED: testInvalidLogin
2026-05-17 20:27:05 ERROR [main] ExtentReportManager - FAIL: Error: Error {
  message='Timeout 30000ms exceeded.
  name='TimeoutError
  stack='TimeoutError: Timeout 30000ms exceeded.
    at ProgressController.run (/tmp/playwright-java-18248294946507760857/package/lib/server/progress.js:92:28)
    at FrameDispatcher._runCommand (/tmp/playwright-java-18248294946507760857/package/lib/server/dispatchers/dispatcher.js:91:31)
    at DispatcherConnection.dispatch (/tmp/playwright-java-18248294946507760857/package/lib/server/dispatchers/dispatcher.js:325:39)
}
Call log:
-   - waiting for locator("#user-name")

2026-05-17 20:27:05 INFO  [main] TestListener - Screenshot attached to report
2026-05-17 20:27:05 INFO  [main] TestListener - ------ Test started: testInvalidLogin ------
2026-05-17 20:27:05 INFO  [main] ExtentReportManager - Test started in report: testInvalidLogin
2026-05-17 20:27:05 INFO  [main] ExtentReportManager - Test started: testInvalidLogin
2026-05-17 20:27:05 INFO  [main] ExtentReportManager - Testing invalid login: ''
2026-05-17 20:27:05 INFO  [main] BasePage - Entering username: 
2026-05-17 20:27:05 INFO  [main] BasePage - Entering password
2026-05-17 20:27:05 INFO  [main] BasePage - Clicking login button
2026-05-17 20:27:05 INFO  [main] BasePage - Click: #login-button
2026-05-17 20:27:35 ERROR [main] TestListener - FAILED: testInvalidLogin | Error: Error {
  message='Timeout 30000ms exceeded.
  name='TimeoutError
  stack='TimeoutError: Timeout 30000ms exceeded.
    at ProgressController.run (/tmp/playwright-java-18248294946507760857/package/lib/server/progress.js:92:28)
    at FrameDispatcher._runCommand (/tmp/playwright-java-18248294946507760857/package/lib/server/dispatchers/dispatcher.js:91:31)
    at DispatcherConnection.dispatch (/tmp/playwright-java-18248294946507760857/package/lib/server/dispatchers/dispatcher.js:325:39)
}
Call log:
-   - waiting for locator("#login-button")

2026-05-17 20:27:35 ERROR [main] ExtentReportManager - FAIL: Test FAILED: testInvalidLogin
2026-05-17 20:27:35 ERROR [main] ExtentReportManager - FAIL: Error: Error {
  message='Timeout 30000ms exceeded.
  name='TimeoutError
  stack='TimeoutError: Timeout 30000ms exceeded.
    at ProgressController.run (/tmp/playwright-java-18248294946507760857/package/lib/server/progress.js:92:28)
    at FrameDispatcher._runCommand (/tmp/playwright-java-18248294946507760857/package/lib/server/dispatchers/dispatcher.js:91:31)
    at DispatcherConnection.dispatch (/tmp/playwright-java-18248294946507760857/package/lib/server/dispatchers/dispatcher.js:325:39)
}
Call log:
-   - waiting for locator("#login-button")

2026-05-17 20:27:35 INFO  [main] TestListener - Screenshot attached to report
2026-05-17 20:27:35 INFO  [main] TestListener - ------ Test started: testInvalidLogin ------
2026-05-17 20:27:35 INFO  [main] ExtentReportManager - Test started in report: testInvalidLogin
2026-05-17 20:27:35 INFO  [main] ExtentReportManager - Test started: testInvalidLogin
2026-05-17 20:27:35 INFO  [main] ExtentReportManager - Testing invalid login: 'standard_user'
2026-05-17 20:27:35 INFO  [main] BasePage - Entering username: standard_user
2026-05-17 20:27:35 INFO  [main] BasePage - Type 'standard_user' into: #user-name
2026-05-17 20:28:04 INFO  [main] TestListener - ========================================
2026-05-17 20:28:05 INFO  [main] TestListener - Test Suite started: Login Tests
2026-05-17 20:28:05 INFO  [main] TestListener - ========================================
2026-05-17 20:28:05 INFO  [main] ConfigReader - Config file loaded successfully!
2026-05-17 20:28:05 INFO  [main] TestDataReader - Test data loaded: loginData.json
2026-05-17 20:28:05 INFO  [main] TestDataReader - Invalid users loaded: 3 rows
2026-05-17 20:28:05 INFO  [main] TestListener - ------ Test started: testInvalidLogin ------
2026-05-17 20:28:05 INFO  [main] ExtentReportManager - Extent Report created: reports/PlaywrightReport_2026-05-17_20-28-05.html
2026-05-17 20:28:05 INFO  [main] ExtentReportManager - Test started in report: testInvalidLogin
2026-05-17 20:28:05 INFO  [main] ExtentReportManager - Test started: testInvalidLogin
2026-05-17 20:28:05 INFO  [main] ExtentReportManager - Testing invalid login: 'wrong_user'
2026-05-17 20:28:05 INFO  [main] PlaywrightManager - Creating Playwright session...
2026-05-17 20:28:06 INFO  [main] PlaywrightFactory - Opening browser: chrome | Headless: false | SlowMo: 0
2026-05-17 20:28:06 WARN  [main] PlaywrightFactory - Unknown browser 'chrome' - defaulting to Chromium
2026-05-17 20:28:07 INFO  [main] PlaywrightManager - Playwright session started successfully!
2026-05-17 20:28:07 INFO  [main] BasePage - Entering username: wrong_user
2026-05-17 20:28:07 INFO  [main] BasePage - Type 'wrong_user' into: #user-name
2026-05-17 20:29:09 INFO  [main] TestListener - ========================================
2026-05-17 20:29:09 INFO  [main] TestListener - Test Suite started: Login Tests
2026-05-17 20:29:09 INFO  [main] TestListener - ========================================
2026-05-17 20:29:09 INFO  [main] ConfigReader - Config file loaded successfully!
2026-05-17 20:29:09 INFO  [main] TestDataReader - Test data loaded: loginData.json
2026-05-17 20:29:09 INFO  [main] TestDataReader - Invalid users loaded: 3 rows
2026-05-17 20:29:09 INFO  [main] BaseTest - ===== Test started =====
2026-05-17 20:29:09 INFO  [main] PlaywrightManager - Creating Playwright session...
2026-05-17 20:29:10 INFO  [main] PlaywrightFactory - Opening browser: chrome | Headless: false | SlowMo: 0
2026-05-17 20:29:10 WARN  [main] PlaywrightFactory - Unknown browser 'chrome' - defaulting to Chromium
2026-05-17 20:29:11 INFO  [main] PlaywrightManager - Playwright session started successfully!
2026-05-17 20:29:13 INFO  [main] BaseTest - Website opened: https://www.saucedemo.com
2026-05-17 20:29:13 INFO  [main] TestListener - ------ Test started: testInvalidLogin ------
2026-05-17 20:29:13 INFO  [main] ExtentReportManager - Extent Report created: reports/PlaywrightReport_2026-05-17_20-29-13.html
2026-05-17 20:29:13 INFO  [main] ExtentReportManager - Test started in report: testInvalidLogin
2026-05-17 20:29:13 INFO  [main] ExtentReportManager - Test started: testInvalidLogin
2026-05-17 20:29:13 INFO  [main] ExtentReportManager - Testing invalid login: 'wrong_user'
2026-05-17 20:29:13 INFO  [main] BasePage - Entering username: wrong_user
2026-05-17 20:29:13 INFO  [main] BasePage - Type 'wrong_user' into: #user-name
2026-05-17 20:29:13 INFO  [main] BasePage - Entering password
2026-05-17 20:29:13 INFO  [main] BasePage - Type 'wrong_pass' into: #password
2026-05-17 20:29:13 INFO  [main] BasePage - Clicking login button
2026-05-17 20:29:13 INFO  [main] BasePage - Click: #login-button
2026-05-17 20:29:13 INFO  [main] ExtentReportManager - PASS: Correct error shown: Epic sadface: Username and password do not match any user in this service
2026-05-17 20:29:13 INFO  [main] LoginTest - Invalid login PASSED: wrong_user
2026-05-17 20:29:13 INFO  [main] TestListener - PASSED: testInvalidLogin
2026-05-17 20:29:13 INFO  [main] ExtentReportManager - PASS: Test PASSED: testInvalidLogin
2026-05-17 20:29:13 INFO  [main] BaseTest - ===== Test finished =====
2026-05-17 20:29:13 INFO  [main] PlaywrightManager - Playwright session closed successfully!
2026-05-17 20:29:13 INFO  [main] BaseTest - ===== Test started =====
2026-05-17 20:29:13 INFO  [main] PlaywrightManager - Creating Playwright session...
2026-05-17 20:29:13 INFO  [main] PlaywrightFactory - Opening browser: chrome | Headless: false | SlowMo: 0
2026-05-17 20:29:13 WARN  [main] PlaywrightFactory - Unknown browser 'chrome' - defaulting to Chromium
2026-05-17 20:29:14 INFO  [main] PlaywrightManager - Playwright session started successfully!
2026-05-17 20:29:15 INFO  [main] BaseTest - Website opened: https://www.saucedemo.com
2026-05-17 20:29:15 INFO  [main] TestListener - ------ Test started: testInvalidLogin ------
2026-05-17 20:29:15 INFO  [main] ExtentReportManager - Test started in report: testInvalidLogin
2026-05-17 20:29:15 INFO  [main] ExtentReportManager - Test started: testInvalidLogin
2026-05-17 20:29:15 INFO  [main] ExtentReportManager - Testing invalid login: ''
2026-05-17 20:29:15 INFO  [main] BasePage - Entering username: 
2026-05-17 20:29:15 INFO  [main] BasePage - Entering password
2026-05-17 20:29:15 INFO  [main] BasePage - Clicking login button
2026-05-17 20:29:15 INFO  [main] BasePage - Click: #login-button
2026-05-17 20:29:15 INFO  [main] ExtentReportManager - PASS: Correct error shown: Epic sadface: Username is required
2026-05-17 20:29:15 INFO  [main] LoginTest - Invalid login PASSED: 
2026-05-17 20:29:15 INFO  [main] TestListener - PASSED: testInvalidLogin
2026-05-17 20:29:15 INFO  [main] ExtentReportManager - PASS: Test PASSED: testInvalidLogin
2026-05-17 20:29:15 INFO  [main] BaseTest - ===== Test finished =====
2026-05-17 20:29:15 INFO  [main] PlaywrightManager - Playwright session closed successfully!
2026-05-17 20:29:15 INFO  [main] BaseTest - ===== Test started =====
2026-05-17 20:29:15 INFO  [main] PlaywrightManager - Creating Playwright session...
2026-05-17 20:29:16 INFO  [main] PlaywrightFactory - Opening browser: chrome | Headless: false | SlowMo: 0
2026-05-17 20:29:16 WARN  [main] PlaywrightFactory - Unknown browser 'chrome' - defaulting to Chromium
2026-05-17 20:29:16 INFO  [main] PlaywrightManager - Playwright session started successfully!
2026-05-17 20:29:17 INFO  [main] BaseTest - Website opened: https://www.saucedemo.com
2026-05-17 20:29:17 INFO  [main] TestListener - ------ Test started: testInvalidLogin ------
2026-05-17 20:29:17 INFO  [main] ExtentReportManager - Test started in report: testInvalidLogin
2026-05-17 20:29:17 INFO  [main] ExtentReportManager - Test started: testInvalidLogin
2026-05-17 20:29:17 INFO  [main] ExtentReportManager - Testing invalid login: 'standard_user'
2026-05-17 20:29:17 INFO  [main] BasePage - Entering username: standard_user
2026-05-17 20:29:17 INFO  [main] BasePage - Type 'standard_user' into: #user-name
2026-05-17 20:29:18 INFO  [main] BasePage - Entering password
2026-05-17 20:29:18 INFO  [main] BasePage - Type 'wrong_pass' into: #password
2026-05-17 20:29:18 INFO  [main] BasePage - Clicking login button
2026-05-17 20:29:18 INFO  [main] BasePage - Click: #login-button
2026-05-17 20:29:18 INFO  [main] ExtentReportManager - PASS: Correct error shown: Epic sadface: Username and password do not match any user in this service
2026-05-17 20:29:18 INFO  [main] LoginTest - Invalid login PASSED: standard_user
2026-05-17 20:29:18 INFO  [main] TestListener - PASSED: testInvalidLogin
2026-05-17 20:29:18 INFO  [main] ExtentReportManager - PASS: Test PASSED: testInvalidLogin
2026-05-17 20:29:18 INFO  [main] BaseTest - ===== Test finished =====
2026-05-17 20:29:18 INFO  [main] PlaywrightManager - Playwright session closed successfully!
2026-05-17 20:29:18 INFO  [main] BaseTest - ===== Test started =====
2026-05-17 20:29:18 INFO  [main] PlaywrightManager - Creating Playwright session...
2026-05-17 20:29:18 INFO  [main] PlaywrightFactory - Opening browser: chrome | Headless: false | SlowMo: 0
2026-05-17 20:29:18 WARN  [main] PlaywrightFactory - Unknown browser 'chrome' - defaulting to Chromium
2026-05-17 20:29:19 INFO  [main] PlaywrightManager - Playwright session started successfully!
2026-05-17 20:29:20 INFO  [main] BaseTest - Website opened: https://www.saucedemo.com
2026-05-17 20:29:20 INFO  [main] TestListener - ------ Test started: testLogout ------
2026-05-17 20:29:20 INFO  [main] ExtentReportManager - Test started in report: testLogout
2026-05-17 20:29:20 INFO  [main] ExtentReportManager - Test started: testLogout
2026-05-17 20:29:20 INFO  [main] ExtentReportManager - Login with standard_user then logout
2026-05-17 20:29:20 INFO  [main] TestDataReader - Test data loaded: loginData.json
2026-05-17 20:29:20 INFO  [main] TestDataReader - Valid users loaded: 2 rows
2026-05-17 20:29:20 INFO  [main] BasePage - Entering username: standard_user
2026-05-17 20:29:20 INFO  [main] BasePage - Type 'standard_user' into: #user-name
2026-05-17 20:29:20 INFO  [main] BasePage - Entering password
2026-05-17 20:29:20 INFO  [main] BasePage - Type 'secret_sauce' into: #password
2026-05-17 20:29:20 INFO  [main] BasePage - Clicking login button
2026-05-17 20:29:20 INFO  [main] BasePage - Click: #login-button
2026-05-17 20:29:20 INFO  [main] BasePage - Logging out...
2026-05-17 20:29:20 INFO  [main] BasePage - Click: #react-burger-menu-btn
2026-05-17 20:29:20 INFO  [main] BasePage - Click: #logout_sidebar_link
2026-05-17 20:29:21 INFO  [main] ExtentReportManager - PASS: Logout successful → back on Login page
2026-05-17 20:29:21 INFO  [main] LoginTest - Logout PASSED
2026-05-17 20:29:21 INFO  [main] TestListener - PASSED: testLogout
2026-05-17 20:29:21 INFO  [main] ExtentReportManager - PASS: Test PASSED: testLogout
2026-05-17 20:29:21 INFO  [main] BaseTest - ===== Test finished =====
2026-05-17 20:29:21 INFO  [main] PlaywrightManager - Playwright session closed successfully!
2026-05-17 20:29:21 INFO  [main] TestDataReader - Test data loaded: loginData.json
2026-05-17 20:29:21 INFO  [main] TestDataReader - Valid users loaded: 2 rows
2026-05-17 20:29:21 INFO  [main] BaseTest - ===== Test started =====
2026-05-17 20:29:21 INFO  [main] PlaywrightManager - Creating Playwright session...
2026-05-17 20:29:22 INFO  [main] PlaywrightFactory - Opening browser: chrome | Headless: false | SlowMo: 0
2026-05-17 20:29:22 WARN  [main] PlaywrightFactory - Unknown browser 'chrome' - defaulting to Chromium
2026-05-17 20:29:22 INFO  [main] PlaywrightManager - Playwright session started successfully!
2026-05-17 20:29:23 INFO  [main] BaseTest - Website opened: https://www.saucedemo.com
2026-05-17 20:29:23 INFO  [main] TestListener - ------ Test started: testValidLogin ------
2026-05-17 20:29:23 INFO  [main] ExtentReportManager - Test started in report: testValidLogin
2026-05-17 20:29:23 INFO  [main] ExtentReportManager - Test started: testValidLogin
2026-05-17 20:29:23 INFO  [main] ExtentReportManager - Testing: Standard user login
2026-05-17 20:29:23 INFO  [main] ExtentReportManager - Username: standard_user
2026-05-17 20:29:23 INFO  [main] BasePage - Entering username: standard_user
2026-05-17 20:29:23 INFO  [main] BasePage - Type 'standard_user' into: #user-name
2026-05-17 20:29:23 INFO  [main] BasePage - Entering password
2026-05-17 20:29:23 INFO  [main] BasePage - Type 'secret_sauce' into: #password
2026-05-17 20:29:23 INFO  [main] BasePage - Clicking login button
2026-05-17 20:29:23 INFO  [main] BasePage - Click: #login-button
2026-05-17 20:29:23 INFO  [main] ExtentReportManager - PASS: Login successful → Products page loaded
2026-05-17 20:29:23 INFO  [main] LoginTest - Valid login PASSED: standard_user
2026-05-17 20:29:23 INFO  [main] TestListener - PASSED: testValidLogin
2026-05-17 20:29:23 INFO  [main] ExtentReportManager - PASS: Test PASSED: testValidLogin
2026-05-17 20:29:23 INFO  [main] BaseTest - ===== Test finished =====
2026-05-17 20:29:24 INFO  [main] PlaywrightManager - Playwright session closed successfully!
2026-05-17 20:29:24 INFO  [main] BaseTest - ===== Test started =====
2026-05-17 20:29:24 INFO  [main] PlaywrightManager - Creating Playwright session...
2026-05-17 20:29:24 INFO  [main] PlaywrightFactory - Opening browser: chrome | Headless: false | SlowMo: 0
2026-05-17 20:29:24 WARN  [main] PlaywrightFactory - Unknown browser 'chrome' - defaulting to Chromium
2026-05-17 20:29:24 INFO  [main] PlaywrightManager - Playwright session started successfully!
2026-05-17 20:29:25 INFO  [main] BaseTest - Website opened: https://www.saucedemo.com
2026-05-17 20:29:26 INFO  [main] TestListener - ------ Test started: testValidLogin ------
2026-05-17 20:29:26 INFO  [main] ExtentReportManager - Test started in report: testValidLogin
2026-05-17 20:29:26 INFO  [main] ExtentReportManager - Test started: testValidLogin
2026-05-17 20:29:26 INFO  [main] ExtentReportManager - Testing: Problem user login
2026-05-17 20:29:26 INFO  [main] ExtentReportManager - Username: problem_user
2026-05-17 20:29:26 INFO  [main] BasePage - Entering username: problem_user
2026-05-17 20:29:26 INFO  [main] BasePage - Type 'problem_user' into: #user-name
2026-05-17 20:29:26 INFO  [main] BasePage - Entering password
2026-05-17 20:29:26 INFO  [main] BasePage - Type 'secret_sauce' into: #password
2026-05-17 20:29:26 INFO  [main] BasePage - Clicking login button
2026-05-17 20:29:26 INFO  [main] BasePage - Click: #login-button
2026-05-17 20:29:26 INFO  [main] ExtentReportManager - PASS: Login successful → Products page loaded
2026-05-17 20:29:26 INFO  [main] LoginTest - Valid login PASSED: problem_user
2026-05-17 20:29:26 INFO  [main] TestListener - PASSED: testValidLogin
2026-05-17 20:29:26 INFO  [main] ExtentReportManager - PASS: Test PASSED: testValidLogin
2026-05-17 20:29:26 INFO  [main] BaseTest - ===== Test finished =====
2026-05-17 20:29:26 INFO  [main] PlaywrightManager - Playwright session closed successfully!
2026-05-17 20:29:26 INFO  [main] TestListener - ========================================
2026-05-17 20:29:26 INFO  [main] TestListener - Suite finished | Pass: 6 | Fail: 0 | Skip: 0
2026-05-17 20:29:26 INFO  [main] TestListener - ========================================
2026-05-17 20:29:26 INFO  [main] ExtentReportManager - Report saved successfully!
